[debug] [2021-12-15T10:49:07.698Z] ----------------------------------------------------------------------
[debug] [2021-12-15T10:49:07.703Z] Command:       C:\Program Files\nodejs\node.exe C:\Users\karthik0388\AppData\Roaming\npm\node_modules\firebase-tools\lib\bin\firebase.js init
[debug] [2021-12-15T10:49:07.704Z] CLI Version:   8.10.0
[debug] [2021-12-15T10:49:07.705Z] Platform:      win32
[debug] [2021-12-15T10:49:07.705Z] Node Version:  v16.13.0
[debug] [2021-12-15T10:49:07.707Z] Time:          Wed Dec 15 2021 05:49:07 GMT-0500 (Eastern Standard Time)
[debug] [2021-12-15T10:49:07.708Z] ----------------------------------------------------------------------
[debug] [2021-12-15T10:49:07.708Z] 
[debug] [2021-12-15T10:49:07.722Z] > command requires scopes: ["email","openid","https://www.googleapis.com/auth/cloudplatformprojects.readonly","https://www.googleapis.com/auth/firebase","https://www.googleapis.com/auth/cloud-platform"]
[debug] [2021-12-15T10:49:07.724Z] > authorizing via signed-in user
[info] 
     ######## #### ########  ######## ########     ###     ######  ########
     ##        ##  ##     ## ##       ##     ##  ##   ##  ##       ##
     ######    ##  ########  ######   ########  #########  ######  ######
     ##        ##  ##    ##  ##       ##     ## ##     ##       ## ##
     ##       #### ##     ## ######## ########  ##     ##  ######  ########

You're about to initialize a Firebase project in this directory:

  C:\Users\karthik0388\Desktop\spotify

Before we get started, keep in mind:

  * You are initializing in an existing Firebase project directory

[info] 
=== Project Setup
[info] 
[info] First, let's associate this project directory with a Firebase project.
[info] You can create multiple project aliases by running firebase use --add, 
[info] but for now we'll just set up a default project.
[info] 
[info] i  .firebaserc already has a default project, using spotify-clone-7ecac. 
[debug] [2021-12-15T10:49:34.161Z] >>> HTTP REQUEST GET https://firebase.googleapis.com/v1beta1/projects/spotify-clone-7ecac  
 
[debug] [2021-12-15T10:49:34.212Z] Server Error. getaddrinfo ENOTFOUND firebase.googleapis.com
[debug] [2021-12-15T10:49:34.228Z] FirebaseError: Server Error. getaddrinfo ENOTFOUND firebase.googleapis.com
    at Request._callback (C:\Users\karthik0388\AppData\Roaming\npm\node_modules\firebase-tools\lib\api.js:32:31)
    at self.callback (C:\Users\karthik0388\AppData\Roaming\npm\node_modules\firebase-tools\node_modules\request\request.js:185:22)
    at Request.emit (node:events:390:28)
    at Request.emit (node:domain:475:12)
    at Request.onRequestError (C:\Users\karthik0388\AppData\Roaming\npm\node_modules\firebase-tools\node_modules\request\request.js:877:8)
    at ClientRequest.emit (node:events:402:35)
    at ClientRequest.emit (node:domain:475:12)
    at TLSSocket.socketErrorListener (node:_http_client:447:9)
    at TLSSocket.emit (node:events:390:28)
    at TLSSocket.emit (node:domain:475:12)
    at emitErrorNT (node:internal/streams/destroy:157:8)
    at emitErrorCloseNT (node:internal/streams/destroy:122:3)
    at processTicksAndRejections (node:internal/process/task_queues:83:21)
[error] 
[error] Error: Failed to get Firebase project spotify-clone-7ecac. Please make sure the project exists and your account has permission to access it.
[debug] [2021-12-15T10:50:31.608Z] ----------------------------------------------------------------------
[debug] [2021-12-15T10:50:31.613Z] Command:       C:\Program Files\nodejs\node.exe C:\Users\karthik0388\AppData\Roaming\npm\node_modules\firebase-tools\lib\bin\firebase.js init
[debug] [2021-12-15T10:50:31.614Z] CLI Version:   8.10.0
[debug] [2021-12-15T10:50:31.614Z] Platform:      win32
[debug] [2021-12-15T10:50:31.615Z] Node Version:  v16.13.0
[debug] [2021-12-15T10:50:31.617Z] Time:          Wed Dec 15 2021 05:50:31 GMT-0500 (Eastern Standard Time)
[debug] [2021-12-15T10:50:31.617Z] ----------------------------------------------------------------------
[debug] [2021-12-15T10:50:31.618Z] 
[debug] [2021-12-15T10:50:31.632Z] > command requires scopes: ["email","openid","https://www.googleapis.com/auth/cloudplatformprojects.readonly","https://www.googleapis.com/auth/firebase","https://www.googleapis.com/auth/cloud-platform"]
[debug] [2021-12-15T10:50:31.634Z] > authorizing via signed-in user
[info] 
     ######## #### ########  ######## ########     ###     ######  ########
     ##        ##  ##     ## ##       ##     ##  ##   ##  ##       ##
     ######    ##  ########  ######   ########  #########  ######  ######
     ##        ##  ##    ##  ##       ##     ## ##     ##       ## ##
     ##       #### ##     ## ######## ########  ##     ##  ######  ########

You're about to initialize a Firebase project in this directory:

  C:\Users\karthik0388\Desktop\spotify

Before we get started, keep in mind:

  * You are initializing in an existing Firebase project directory

[info] 
=== Project Setup
[info] 
[info] First, let's associate this project directory with a Firebase project.
[info] You can create multiple project aliases by running firebase use --add, 
[info] but for now we'll just set up a default project.
[info] 
[info] i  .firebaserc already has a default project, using spotify-clone-7ecac. 
[debug] [2021-12-15T10:50:45.655Z] >>> HTTP REQUEST GET https://firebase.googleapis.com/v1beta1/projects/spotify-clone-7ecac  
 
[debug] [2021-12-15T10:50:45.705Z] Server Error. getaddrinfo ENOTFOUND firebase.googleapis.com
[debug] [2021-12-15T10:50:45.720Z] FirebaseError: Server Error. getaddrinfo ENOTFOUND firebase.googleapis.com
    at Request._callback (C:\Users\karthik0388\AppData\Roaming\npm\node_modules\firebase-tools\lib\api.js:32:31)
    at self.callback (C:\Users\karthik0388\AppData\Roaming\npm\node_modules\firebase-tools\node_modules\request\request.js:185:22)
    at Request.emit (node:events:390:28)
    at Request.emit (node:domain:475:12)
    at Request.onRequestError (C:\Users\karthik0388\AppData\Roaming\npm\node_modules\firebase-tools\node_modules\request\request.js:877:8)
    at ClientRequest.emit (node:events:402:35)
    at ClientRequest.emit (node:domain:475:12)
    at TLSSocket.socketErrorListener (node:_http_client:447:9)
    at TLSSocket.emit (node:events:390:28)
    at TLSSocket.emit (node:domain:475:12)
    at emitErrorNT (node:internal/streams/destroy:157:8)
    at emitErrorCloseNT (node:internal/streams/destroy:122:3)
    at processTicksAndRejections (node:internal/process/task_queues:83:21)
[error] 
[error] Error: Failed to get Firebase project spotify-clone-7ecac. Please make sure the project exists and your account has permission to access it.
